<?xml version="1.0" encoding="UTF-8"?>
<testng-results skipped="0" failed="0" ignored="0" total="1" passed="1">
  <reporter-output>
    <line>
      <![CDATA[No of rows ::5]]>
    </line>
    <line>
      <![CDATA[Supplier addded::Supplier-00000003934   Supplier-00000003934]]>
    </line>
    <line>
      <![CDATA[Supplier addded::Supplier-00000003935   Supplier-00000003935]]>
    </line>
    <line>
      <![CDATA[Supplier addded::Supplier-00000003936   Supplier-00000003936]]>
    </line>
    <line>
      <![CDATA[Supplier addded::Supplier-00000003937   Supplier-00000003937]]>
    </line>
    <line>
      <![CDATA[Supplier addded::Supplier-00000003938   Supplier-00000003938]]>
    </line>
  </reporter-output>
  <suite name="Default suite" duration-ms="87240" started-at="2021-06-24T12:49:19Z" finished-at="2021-06-24T12:50:46Z">
    <groups>
    </groups>
    <test name="Default test" duration-ms="87240" started-at="2021-06-24T12:49:19Z" finished-at="2021-06-24T12:50:46Z">
      <class name="DriverFactory.DataDrivenScript">
        <test-method status="PASS" signature="adminLogin()[pri:0, instance:DriverFactory.DataDrivenScript@1d057a39]" name="adminLogin" is-config="true" duration-ms="16385" started-at="2021-06-24T18:19:19Z" finished-at="2021-06-24T18:19:35Z">
          <reporter-output>
          </reporter-output>
        </test-method> <!-- adminLogin -->
        <test-method status="PASS" signature="addSupplier()[pri:0, instance:DriverFactory.DataDrivenScript@1d057a39]" name="addSupplier" duration-ms="70422" started-at="2021-06-24T18:19:35Z" finished-at="2021-06-24T18:20:45Z">
          <reporter-output>
            <line>
              <![CDATA[No of rows ::5]]>
            </line>
            <line>
              <![CDATA[Supplier addded::Supplier-00000003934   Supplier-00000003934]]>
            </line>
            <line>
              <![CDATA[Supplier addded::Supplier-00000003935   Supplier-00000003935]]>
            </line>
            <line>
              <![CDATA[Supplier addded::Supplier-00000003936   Supplier-00000003936]]>
            </line>
            <line>
              <![CDATA[Supplier addded::Supplier-00000003937   Supplier-00000003937]]>
            </line>
            <line>
              <![CDATA[Supplier addded::Supplier-00000003938   Supplier-00000003938]]>
            </line>
          </reporter-output>
        </test-method> <!-- addSupplier -->
        <test-method status="PASS" signature="tearDown()[pri:0, instance:DriverFactory.DataDrivenScript@1d057a39]" name="tearDown" is-config="true" duration-ms="397" started-at="2021-06-24T18:20:45Z" finished-at="2021-06-24T18:20:46Z">
          <reporter-output>
          </reporter-output>
        </test-method> <!-- tearDown -->
      </class> <!-- DriverFactory.DataDrivenScript -->
    </test> <!-- Default test -->
  </suite> <!-- Default suite -->
</testng-results>
